<?xml version="1.0" encoding="UTF-8"?>
<!-- Generated by org.testng.reporters.JUnitReportReporter -->
<testsuite hostname="PC" failures="0" tests="1" name="com.edu.test.Coures_Apply_Test" time="54.675" errors="0" timestamp="14 12æœˆ 2018 00:32:02 GMT" skipped="0">
  <testcase classname="com.edu.test.Coures_Apply_Test" name="course" time="54.675"/>
</testsuite> <!-- com.edu.test.Coures_Apply_Test -->
