<?xml version="1.0" encoding="UTF-8"?>
<!-- Generated by org.testng.reporters.JUnitReportReporter -->
<testsuite hostname="PC" failures="0" tests="1" name="com.edu.test.Work_Submit_Test" time="7.198" errors="0" timestamp="12 12æœˆ 2018 10:02:23 GMT" skipped="0">
  <testcase classname="com.edu.test.Work_Submit_Test" name="file" time="7.198"/>
</testsuite> <!-- com.edu.test.Work_Submit_Test -->
