<?xml version="1.0" encoding="UTF-8"?>
<!-- Generated by org.testng.reporters.JUnitReportReporter -->
<testsuite hostname="PC" failures="0" tests="1" name="com.edu.test.xuelishixun_Action" time="75.317" errors="0" timestamp="06 12æœˆ 2018 12:57:25 GMT" skipped="0">
  <testcase classname="com.edu.test.xuelishixun_Action" name="testSearch" time="75.317"/>
</testsuite> <!-- com.edu.test.xuelishixun_Action -->
