<?xml version="1.0" encoding="UTF-8"?>
<!-- Generated by org.testng.reporters.JUnitReportReporter -->
<testsuite hostname="PC" failures="0" tests="1" name="com.edu.test.Search_Test" time="3.394" errors="0" timestamp="12 12æœˆ 2018 11:03:33 GMT" skipped="0">
  <testcase classname="com.edu.test.Search_Test" name="search_null" time="3.394"/>
</testsuite> <!-- com.edu.test.Search_Test -->
