<?xml version="1.0" encoding="UTF-8"?>
<!-- Generated by org.testng.reporters.JUnitReportReporter -->
<testsuite hostname="PC" failures="0" tests="1" name="com.edu.test.OverWork_Check_Test" time="8.229" errors="0" timestamp="12 12æœˆ 2018 08:56:33 GMT" skipped="0">
  <testcase classname="com.edu.test.OverWork_Check_Test" name="look_work" time="8.229"/>
</testsuite> <!-- com.edu.test.OverWork_Check_Test -->
