<?xml version="1.0" encoding="UTF-8"?>
<!-- Generated by org.testng.reporters.JUnitReportReporter -->
<testsuite hostname="PC" failures="0" tests="1" name="com.edu.test.Community_Test" time="46.796" errors="0" timestamp="14 12æœˆ 2018 03:02:24 GMT" skipped="0">
  <testcase classname="com.edu.test.Community_Test" name="talk" time="46.796"/>
</testsuite> <!-- com.edu.test.Community_Test -->
