<?xml version="1.0" encoding="UTF-8"?>
<!-- Generated by org.testng.reporters.JUnitReportReporter -->
<testsuite hostname="PC" failures="0" tests="1" name="com.edu.test.Course_Test" time="20.023" errors="0" timestamp="13 12æœˆ 2018 03:58:15 GMT" skipped="0">
  <testcase classname="com.edu.test.Course_Test" name="course_Look" time="20.023"/>
</testsuite> <!-- com.edu.test.Course_Test -->
