<?xml version="1.0" encoding="UTF-8"?>
<!-- Generated by org.testng.reporters.JUnitReportReporter -->
<testsuite hostname="lovely" failures="0" tests="1" name="com.webtest.demo.Xueli" time="52.126" errors="0" timestamp="07 12æœˆ 2018 01:20:07 GMT" skipped="0">
  <testcase classname="com.webtest.demo.Xueli" name="course" time="52.126"/>
</testsuite> <!-- com.webtest.demo.Xueli -->
